<?xml version="1.0" encoding="UTF-8"?>
<testng-results ignored="0" total="1" passed="1" failed="0" skipped="0">
  <reporter-output>
  </reporter-output>
  <suite started-at="2022-06-24T15:28:51 CDT" name="Suite" finished-at="2022-06-24T15:28:56 CDT" duration-ms="4842">
    <groups>
    </groups>
    <test started-at="2022-06-24T15:28:51 CDT" name="Test" finished-at="2022-06-24T15:28:56 CDT" duration-ms="4842">
      <class name="com.test.NewTest">
        <test-method signature="f()[pri:0, instance:com.test.NewTest@4803b726]" started-at="2022-06-24T15:28:51 CDT" name="f" finished-at="2022-06-24T15:28:56 CDT" duration-ms="4772" status="PASS">
          <reporter-output>
          </reporter-output>
        </test-method> <!-- f -->
      </class> <!-- com.test.NewTest -->
    </test> <!-- Test -->
  </suite> <!-- Suite -->
</testng-results>
